WARN  [2014-04-25 06:10:36,278] com.yammer.dropwizard.config.ServerFactory: 
!!!!!!!!!!!!!!!!!!!!!!!!!!!!!!!!!!!!!!!!!!!!!!!!!!!!!!!!!!!!!!!!!!!!!!!!!!!!!!!!
!!!!!!!!!!!!!!!!!!!!!!!!!!!!!!!!!!!!!!!!!!!!!!!!!!!!!!!!!!!!!!!!!!!!!!!!!!!!!!!!
!    THIS SERVICE HAS NO HEALTHCHECKS. THIS MEANS YOU WILL NEVER KNOW IF IT    !
!    DIES IN PRODUCTION, WHICH MEANS YOU WILL NEVER KNOW IF YOU'RE LETTING     !
!     YOUR USERS DOWN. YOU SHOULD ADD A HEALTHCHECK FOR EACH DEPENDENCY OF     !
!     YOUR SERVICE WHICH FULLY (BUT LIGHTLY) TESTS YOUR SERVICE'S ABILITY TO   !
!      USE THAT SERVICE. THINK OF IT AS A CONTINUOUS INTEGRATION TEST.         !
!!!!!!!!!!!!!!!!!!!!!!!!!!!!!!!!!!!!!!!!!!!!!!!!!!!!!!!!!!!!!!!!!!!!!!!!!!!!!!!!
!!!!!!!!!!!!!!!!!!!!!!!!!!!!!!!!!!!!!!!!!!!!!!!!!!!!!!!!!!!!!!!!!!!!!!!!!!!!!!!!
INFO  [2014-04-25 06:10:36,656] com.yammer.dropwizard.cli.ServerCommand: Starting bigdata-service
INFO  [2014-04-25 06:10:36,684] org.eclipse.jetty.server.Server: jetty-8.1.10.v20130312
INFO  [2014-04-25 06:10:37,342] com.sun.jersey.server.impl.application.WebApplicationImpl: Initiating Jersey application, version 'Jersey: 1.17.1 02/28/2013 12:47 PM'
INFO  [2014-04-25 06:10:37,661] com.yammer.dropwizard.config.Environment: The following paths were found for the configured resources:

    GET     /bigdata/ (edu.sjsu.cmpe.bigdata.ui.resources.HomeResource)
    GET     /bigdata/dashboard (edu.sjsu.cmpe.bigdata.ui.resources.DashboardResource)
    GET     /bigdata/v1/users (edu.sjsu.cmpe.bigdata.api.resources.UserResource)
    GET     /bigdata/v1/users/{id}/competition (edu.sjsu.cmpe.bigdata.api.resources.UserResource)
    POST    /bigdata/v1/users (edu.sjsu.cmpe.bigdata.api.resources.UserResource)
    GET     /bigdata/v1/analytics/sentiment (edu.sjsu.cmpe.bigdata.api.resources.AnalyticsResource)
    POST    /bigdata/v1/analytics/sentiment (edu.sjsu.cmpe.bigdata.api.resources.AnalyticsResource)

INFO  [2014-04-25 06:10:37,661] com.yammer.dropwizard.config.Environment: tasks = 

    POST    /tasks/gc (com.yammer.dropwizard.tasks.GarbageCollectionTask)

INFO  [2014-04-25 06:10:38,620] org.eclipse.jetty.server.AbstractConnector: Started InstrumentedBlockingChannelConnector@0.0.0.0:9080
INFO  [2014-04-25 06:10:38,623] org.eclipse.jetty.server.AbstractConnector: Started SocketConnector@0.0.0.0:9081
WARN  [2014-04-25 06:22:28,129] com.yammer.dropwizard.config.ServerFactory: 
!!!!!!!!!!!!!!!!!!!!!!!!!!!!!!!!!!!!!!!!!!!!!!!!!!!!!!!!!!!!!!!!!!!!!!!!!!!!!!!!
!!!!!!!!!!!!!!!!!!!!!!!!!!!!!!!!!!!!!!!!!!!!!!!!!!!!!!!!!!!!!!!!!!!!!!!!!!!!!!!!
!    THIS SERVICE HAS NO HEALTHCHECKS. THIS MEANS YOU WILL NEVER KNOW IF IT    !
!    DIES IN PRODUCTION, WHICH MEANS YOU WILL NEVER KNOW IF YOU'RE LETTING     !
!     YOUR USERS DOWN. YOU SHOULD ADD A HEALTHCHECK FOR EACH DEPENDENCY OF     !
!     YOUR SERVICE WHICH FULLY (BUT LIGHTLY) TESTS YOUR SERVICE'S ABILITY TO   !
!      USE THAT SERVICE. THINK OF IT AS A CONTINUOUS INTEGRATION TEST.         !
!!!!!!!!!!!!!!!!!!!!!!!!!!!!!!!!!!!!!!!!!!!!!!!!!!!!!!!!!!!!!!!!!!!!!!!!!!!!!!!!
!!!!!!!!!!!!!!!!!!!!!!!!!!!!!!!!!!!!!!!!!!!!!!!!!!!!!!!!!!!!!!!!!!!!!!!!!!!!!!!!
INFO  [2014-04-25 06:22:28,239] com.yammer.dropwizard.cli.ServerCommand: Starting bigdata-service
INFO  [2014-04-25 06:22:28,241] org.eclipse.jetty.server.Server: jetty-8.1.10.v20130312
INFO  [2014-04-25 06:22:28,439] com.sun.jersey.server.impl.application.WebApplicationImpl: Initiating Jersey application, version 'Jersey: 1.17.1 02/28/2013 12:47 PM'
INFO  [2014-04-25 06:22:28,549] com.yammer.dropwizard.config.Environment: The following paths were found for the configured resources:

    GET     /bigdata/ (edu.sjsu.cmpe.bigdata.ui.resources.HomeResource)
    GET     /bigdata/dashboard (edu.sjsu.cmpe.bigdata.ui.resources.DashboardResource)
    GET     /bigdata/v1/users (edu.sjsu.cmpe.bigdata.api.resources.UserResource)
    GET     /bigdata/v1/users/{id}/competition (edu.sjsu.cmpe.bigdata.api.resources.UserResource)
    POST    /bigdata/v1/users (edu.sjsu.cmpe.bigdata.api.resources.UserResource)
    GET     /bigdata/v1/analytics/sentiment (edu.sjsu.cmpe.bigdata.api.resources.AnalyticsResource)
    POST    /bigdata/v1/analytics/sentiment (edu.sjsu.cmpe.bigdata.api.resources.AnalyticsResource)

INFO  [2014-04-25 06:22:28,549] com.yammer.dropwizard.config.Environment: tasks = 

    POST    /tasks/gc (com.yammer.dropwizard.tasks.GarbageCollectionTask)

INFO  [2014-04-25 06:22:29,145] org.eclipse.jetty.server.AbstractConnector: Started InstrumentedBlockingChannelConnector@0.0.0.0:9080
INFO  [2014-04-25 06:22:29,148] org.eclipse.jetty.server.AbstractConnector: Started SocketConnector@0.0.0.0:9081
